  fun.cpp
D:\code2022\game\sweeper\fun.cpp(570,43): warning C4267: “=”: 从“size_t”转换到“int”，可能丢失数据
D:\code2022\game\sweeper\fun.cpp(571,43): warning C4267: “=”: 从“size_t”转换到“int”，可能丢失数据
D:\code2022\game\sweeper\fun.cpp(572,46): warning C4267: “=”: 从“size_t”转换到“int”，可能丢失数据
D:\code2022\game\sweeper\fun.cpp(584,35): warning C4244: “初始化”: 从“_Rep”转换到“unsigned int”，可能丢失数据
D:\code2022\game\sweeper\fun.cpp(584,35): warning C4244:         with
D:\code2022\game\sweeper\fun.cpp(584,35): warning C4244:         [
D:\code2022\game\sweeper\fun.cpp(584,35): warning C4244:             _Rep=std::chrono::system_clock::rep
D:\code2022\game\sweeper\fun.cpp(584,35): warning C4244:         ]
D:\code2022\game\sweeper\fun.cpp(614,35): warning C4244: “初始化”: 从“_Rep”转换到“unsigned int”，可能丢失数据
D:\code2022\game\sweeper\fun.cpp(614,35): warning C4244:         with
D:\code2022\game\sweeper\fun.cpp(614,35): warning C4244:         [
D:\code2022\game\sweeper\fun.cpp(614,35): warning C4244:             _Rep=std::chrono::system_clock::rep
D:\code2022\game\sweeper\fun.cpp(614,35): warning C4244:         ]
D:\code2022\game\sweeper\fun.cpp(643,35): warning C4244: “初始化”: 从“_Rep”转换到“unsigned int”，可能丢失数据
D:\code2022\game\sweeper\fun.cpp(643,35): warning C4244:         with
D:\code2022\game\sweeper\fun.cpp(643,35): warning C4244:         [
D:\code2022\game\sweeper\fun.cpp(643,35): warning C4244:             _Rep=std::chrono::system_clock::rep
D:\code2022\game\sweeper\fun.cpp(643,35): warning C4244:         ]
  sweeper.vcxproj -> D:\code2022\game\sweeper\x64\Debug\sweeper.exe
